# JRE version: Java(TM) SE Runtime Environment (8.0_201-b09) (build 1.8.0_201-b09)
# Java VM: Java HotSpot(TM) 64-Bit Server VM (25.201-b09 mixed mode linux-amd64 compressed oops)
Heap:
 PSYoungGen      total 662016K, used 10961K [0x00000000d6f00000, 0x0000000100000000, 0x0000000100000000)
  eden space 651264K, 0% used [0x00000000d6f00000,0x00000000d6f37e40,0x00000000feb00000)
  from space 10752K, 99% used [0x00000000feb00000,0x00000000ff57c928,0x00000000ff580000)
  to   space 10752K, 0% used [0x00000000ff580000,0x00000000ff580000,0x0000000100000000)
 ParOldGen       total 128512K, used 57221K [0x0000000084c00000, 0x000000008c980000, 0x00000000d6f00000)
  object space 128512K, 44% used [0x0000000084c00000,0x00000000883e15e0,0x000000008c980000)
 Metaspace       used 29027K, capacity 30160K, committed 30336K, reserved 1075200K
  class space    used 3641K, capacity 3894K, committed 3968K, reserved 1048576K
GC Heap History (10 events):
Event: 48,934 GC heap before
{Heap before GC invocations=33 (full 9):
 PSYoungGen      total 647680K, used 6961K [0x00000000d6f00000, 0x00000000ff100000, 0x0000000100000000)
  eden space 637952K, 0% used [0x00000000d6f00000,0x00000000d6f00000,0x00000000fde00000)
  from space 9728K, 71% used [0x00000000fe780000,0x00000000fee4c658,0x00000000ff100000)
  to   space 9728K, 0% used [0x00000000fde00000,0x00000000fde00000,0x00000000fe780000)
 ParOldGen       total 128512K, used 78370K [0x0000000084c00000, 0x000000008c980000, 0x00000000d6f00000)
  object space 128512K, 60% used [0x0000000084c00000,0x00000000898889c0,0x000000008c980000)
 Metaspace       used 28943K, capacity 30096K, committed 30336K, reserved 1075200K
  class space    used 3641K, capacity 3894K, committed 3968K, reserved 1048576K
Event: 48,996 GC heap after
Heap after GC invocations=33 (full 9):
 PSYoungGen      total 647680K, used 0K [0x00000000d6f00000, 0x00000000ff100000, 0x0000000100000000)
  eden space 637952K, 0% used [0x00000000d6f00000,0x00000000d6f00000,0x00000000fde00000)
  from space 9728K, 0% used [0x00000000fe780000,0x00000000fe780000,0x00000000ff100000)
  to   space 9728K, 0% used [0x00000000fde00000,0x00000000fde00000,0x00000000fe780000)
 ParOldGen       total 128512K, used 35317K [0x0000000084c00000, 0x000000008c980000, 0x00000000d6f00000)
  object space 128512K, 27% used [0x0000000084c00000,0x0000000086e7d510,0x000000008c980000)
 Metaspace       used 28943K, capacity 30096K, committed 30336K, reserved 1075200K
  class space    used 3641K, capacity 3894K, committed 3968K, reserved 1048576K
}
Event: 52,332 GC heap before
{Heap before GC invocations=34 (full 9):
 PSYoungGen      total 647680K, used 637952K [0x00000000d6f00000, 0x00000000ff100000, 0x0000000100000000)
  eden space 637952K, 100% used [0x00000000d6f00000,0x00000000fde00000,0x00000000fde00000)
  from space 9728K, 0% used [0x00000000fe780000,0x00000000fe780000,0x00000000ff100000)
  to   space 9728K, 0% used [0x00000000fde00000,0x00000000fde00000,0x00000000fe780000)
 ParOldGen       total 128512K, used 65917K [0x0000000084c00000, 0x000000008c980000, 0x00000000d6f00000)
  object space 128512K, 51% used [0x0000000084c00000,0x0000000088c5f718,0x000000008c980000)
 Metaspace       used 28952K, capacity 30096K, committed 30336K, reserved 1075200K
  class space    used 3641K, capacity 3894K, committed 3968K, reserved 1048576K
Event: 52,334 GC heap after
Heap after GC invocations=34 (full 9):
 PSYoungGen      total 647680K, used 1371K [0x00000000d6f00000, 0x0000000100000000, 0x0000000100000000)
  eden space 637952K, 0% used [0x00000000d6f00000,0x00000000d6f00000,0x00000000fde00000)
  from space 9728K, 14% used [0x00000000fde00000,0x00000000fdf56d20,0x00000000fe780000)
  to   space 10240K, 0% used [0x00000000ff600000,0x00000000ff600000,0x0000000100000000)
 ParOldGen       total 128512K, used 65917K [0x0000000084c00000, 0x000000008c980000, 0x00000000d6f00000)
  object space 128512K, 51% used [0x0000000084c00000,0x0000000088c5f718,0x000000008c980000)
 Metaspace       used 28952K, capacity 30096K, committed 30336K, reserved 1075200K
  class space    used 3641K, capacity 3894K, committed 3968K, reserved 1048576K
}
Event: 53,807 GC heap before
{Heap before GC invocations=35 (full 9):
 PSYoungGen      total 647680K, used 412790K [0x00000000d6f00000, 0x0000000100000000, 0x0000000100000000)
  eden space 637952K, 64% used [0x00000000d6f00000,0x00000000f00c6c48,0x00000000fde00000)
  from space 9728K, 14% used [0x00000000fde00000,0x00000000fdf56d20,0x00000000fe780000)
  to   space 10240K, 0% used [0x00000000ff600000,0x00000000ff600000,0x0000000100000000)
 ParOldGen       total 128512K, used 65917K [0x0000000084c00000, 0x000000008c980000, 0x00000000d6f00000)
  object space 128512K, 51% used [0x0000000084c00000,0x0000000088c5f718,0x000000008c980000)
 Metaspace       used 28990K, capacity 30096K, committed 30336K, reserved 1075200K
  class space    used 3641K, capacity 3894K, committed 3968K, reserved 1048576K
Event: 53,824 GC heap after
Heap after GC invocations=35 (full 9):
 PSYoungGen      total 661504K, used 8797K [0x00000000d6f00000, 0x0000000100000000, 0x0000000100000000)
  eden space 651264K, 0% used [0x00000000d6f00000,0x00000000d6f00000,0x00000000feb00000)
  from space 10240K, 85% used [0x00000000ff600000,0x00000000ffe97498,0x0000000100000000)
  to   space 10752K, 0% used [0x00000000feb00000,0x00000000feb00000,0x00000000ff580000)
 ParOldGen       total 128512K, used 72000K [0x0000000084c00000, 0x000000008c980000, 0x00000000d6f00000)
  object space 128512K, 56% used [0x0000000084c00000,0x0000000089250328,0x000000008c980000)
 Metaspace       used 28990K, capacity 30096K, committed 30336K, reserved 1075200K
  class space    used 3641K, capacity 3894K, committed 3968K, reserved 1048576K
}
Event: 53,824 GC heap before
{Heap before GC invocations=36 (full 10):
 PSYoungGen      total 661504K, used 8797K [0x00000000d6f00000, 0x0000000100000000, 0x0000000100000000)
  eden space 651264K, 0% used [0x00000000d6f00000,0x00000000d6f00000,0x00000000feb00000)
  from space 10240K, 85% used [0x00000000ff600000,0x00000000ffe97498,0x0000000100000000)
  to   space 10752K, 0% used [0x00000000feb00000,0x00000000feb00000,0x00000000ff580000)
 ParOldGen       total 128512K, used 72000K [0x0000000084c00000, 0x000000008c980000, 0x00000000d6f00000)
  object space 128512K, 56% used [0x0000000084c00000,0x0000000089250328,0x000000008c980000)
 Metaspace       used 28990K, capacity 30096K, committed 30336K, reserved 1075200K
  class space    used 3641K, capacity 3894K, committed 3968K, reserved 1048576K
Event: 53,854 GC heap after
Heap after GC invocations=36 (full 10):
 PSYoungGen      total 661504K, used 0K [0x00000000d6f00000, 0x0000000100000000, 0x0000000100000000)
  eden space 651264K, 0% used [0x00000000d6f00000,0x00000000d6f00000,0x00000000feb00000)
  from space 10240K, 0% used [0x00000000ff600000,0x00000000ff600000,0x0000000100000000)
  to   space 10752K, 0% used [0x00000000feb00000,0x00000000feb00000,0x00000000ff580000)
 ParOldGen       total 128512K, used 24670K [0x0000000084c00000, 0x000000008c980000, 0x00000000d6f00000)
  object space 128512K, 19% used [0x0000000084c00000,0x0000000086417bc8,0x000000008c980000)
 Metaspace       used 28990K, capacity 30096K, committed 30336K, reserved 1075200K
  class space    used 3641K, capacity 3894K, committed 3968K, reserved 1048576K
}
Event: 56,140 GC heap before
{Heap before GC invocations=37 (full 10):
 PSYoungGen      total 661504K, used 650560K [0x00000000d6f00000, 0x0000000100000000, 0x0000000100000000)
  eden space 651264K, 99% used [0x00000000d6f00000,0x00000000fea50348,0x00000000feb00000)
  from space 10240K, 0% used [0x00000000ff600000,0x00000000ff600000,0x0000000100000000)
  to   space 10752K, 0% used [0x00000000feb00000,0x00000000feb00000,0x00000000ff580000)
 ParOldGen       total 128512K, used 30746K [0x0000000084c00000, 0x000000008c980000, 0x00000000d6f00000)
  object space 128512K, 23% used [0x0000000084c00000,0x0000000086a06810,0x000000008c980000)
 Metaspace       used 29027K, capacity 30160K, committed 30336K, reserved 1075200K
  class space    used 3641K, capacity 3894K, committed 3968K, reserved 1048576K
Event: 56,154 GC heap after
Heap after GC invocations=37 (full 10):
 PSYoungGen      total 662016K, used 10738K [0x00000000d6f00000, 0x0000000100000000, 0x0000000100000000)
  eden space 651264K, 0% used [0x00000000d6f00000,0x00000000d6f00000,0x00000000feb00000)
  from space 10752K, 99% used [0x00000000feb00000,0x00000000ff57c928,0x00000000ff580000)
  to   space 10752K, 0% used [0x00000000ff580000,0x00000000ff580000,0x0000000100000000)
 ParOldGen       total 128512K, used 57221K [0x0000000084c00000, 0x000000008c980000, 0x00000000d6f00000)
  object space 128512K, 44% used [0x0000000084c00000,0x00000000883e15e0,0x000000008c980000)
 Metaspace       used 29027K, capacity 30160K, committed 30336K, reserved 1075200K
  class space    used 3641K, capacity 3894K, committed 3968K, reserved 1048576K
}

