# JRE version: Java(TM) SE Runtime Environment (8.0_201-b09) (build 1.8.0_201-b09)
# Java VM: Java HotSpot(TM) 64-Bit Server VM (25.201-b09 mixed mode linux-amd64 compressed oops)
Heap:
 PSYoungGen      total 36864K, used 12920K [0x00000000d6f00000, 0x00000000db100000, 0x0000000100000000)
  eden space 31744K, 33% used [0x00000000d6f00000,0x00000000d7953708,0x00000000d8e00000)
  from space 5120K, 45% used [0x00000000d9300000,0x00000000d954aa80,0x00000000d9800000)
  to   space 5120K, 0% used [0x00000000d8e00000,0x00000000d8e00000,0x00000000d9300000)
 ParOldGen       total 53760K, used 9891K [0x0000000084c00000, 0x0000000088080000, 0x00000000d6f00000)
  object space 53760K, 18% used [0x0000000084c00000,0x00000000855a8e58,0x0000000088080000)
 Metaspace       used 24690K, capacity 26496K, committed 26624K, reserved 1071104K
  class space    used 3663K, capacity 3975K, committed 4096K, reserved 1048576K
GC Heap History (10 events):
Event: 1,006 GC heap before
{Heap before GC invocations=1 (full 0):
 PSYoungGen      total 36864K, used 31744K [0x00000000d6f00000, 0x00000000d9800000, 0x0000000100000000)
  eden space 31744K, 100% used [0x00000000d6f00000,0x00000000d8e00000,0x00000000d8e00000)
  from space 5120K, 0% used [0x00000000d9300000,0x00000000d9300000,0x00000000d9800000)
  to   space 5120K, 0% used [0x00000000d8e00000,0x00000000d8e00000,0x00000000d9300000)
 ParOldGen       total 84992K, used 0K [0x0000000084c00000, 0x0000000089f00000, 0x00000000d6f00000)
  object space 84992K, 0% used [0x0000000084c00000,0x0000000084c00000,0x0000000089f00000)
 Metaspace       used 11755K, capacity 12184K, committed 12288K, reserved 1060864K
  class space    used 1580K, capacity 1745K, committed 1792K, reserved 1048576K
Event: 1,011 GC heap after
Heap after GC invocations=1 (full 0):
 PSYoungGen      total 36864K, used 4100K [0x00000000d6f00000, 0x00000000d9800000, 0x0000000100000000)
  eden space 31744K, 0% used [0x00000000d6f00000,0x00000000d6f00000,0x00000000d8e00000)
  from space 5120K, 80% used [0x00000000d8e00000,0x00000000d9201280,0x00000000d9300000)
  to   space 5120K, 0% used [0x00000000d9300000,0x00000000d9300000,0x00000000d9800000)
 ParOldGen       total 84992K, used 80K [0x0000000084c00000, 0x0000000089f00000, 0x00000000d6f00000)
  object space 84992K, 0% used [0x0000000084c00000,0x0000000084c14010,0x0000000089f00000)
 Metaspace       used 11755K, capacity 12184K, committed 12288K, reserved 1060864K
  class space    used 1580K, capacity 1745K, committed 1792K, reserved 1048576K
}
Event: 8,598 GC heap before
{Heap before GC invocations=2 (full 0):
 PSYoungGen      total 36864K, used 35844K [0x00000000d6f00000, 0x00000000d9800000, 0x0000000100000000)
  eden space 31744K, 100% used [0x00000000d6f00000,0x00000000d8e00000,0x00000000d8e00000)
  from space 5120K, 80% used [0x00000000d8e00000,0x00000000d9201280,0x00000000d9300000)
  to   space 5120K, 0% used [0x00000000d9300000,0x00000000d9300000,0x00000000d9800000)
 ParOldGen       total 84992K, used 80K [0x0000000084c00000, 0x0000000089f00000, 0x00000000d6f00000)
  object space 84992K, 0% used [0x0000000084c00000,0x0000000084c14010,0x0000000089f00000)
 Metaspace       used 17487K, capacity 18296K, committed 18432K, reserved 1064960K
  class space    used 2544K, capacity 2733K, committed 2816K, reserved 1048576K
Event: 8,605 GC heap after
Heap after GC invocations=2 (full 0):
 PSYoungGen      total 36864K, used 5090K [0x00000000d6f00000, 0x00000000d9800000, 0x0000000100000000)
  eden space 31744K, 0% used [0x00000000d6f00000,0x00000000d6f00000,0x00000000d8e00000)
  from space 5120K, 99% used [0x00000000d9300000,0x00000000d97f88c0,0x00000000d9800000)
  to   space 5120K, 0% used [0x00000000d8e00000,0x00000000d8e00000,0x00000000d9300000)
 ParOldGen       total 84992K, used 3922K [0x0000000084c00000, 0x0000000089f00000, 0x00000000d6f00000)
  object space 84992K, 4% used [0x0000000084c00000,0x0000000084fd4bf0,0x0000000089f00000)
 Metaspace       used 17487K, capacity 18296K, committed 18432K, reserved 1064960K
  class space    used 2544K, capacity 2733K, committed 2816K, reserved 1048576K
}
Event: 8,788 GC heap before
{Heap before GC invocations=3 (full 0):
 PSYoungGen      total 36864K, used 35041K [0x00000000d6f00000, 0x00000000d9800000, 0x0000000100000000)
  eden space 31744K, 94% used [0x00000000d6f00000,0x00000000d8c3fec0,0x00000000d8e00000)
  from space 5120K, 99% used [0x00000000d9300000,0x00000000d97f88c0,0x00000000d9800000)
  to   space 5120K, 0% used [0x00000000d8e00000,0x00000000d8e00000,0x00000000d9300000)
 ParOldGen       total 84992K, used 3922K [0x0000000084c00000, 0x0000000089f00000, 0x00000000d6f00000)
  object space 84992K, 4% used [0x0000000084c00000,0x0000000084fd4bf0,0x0000000089f00000)
 Metaspace       used 20157K, capacity 21226K, committed 21296K, reserved 1067008K
  class space    used 2950K, capacity 3170K, committed 3200K, reserved 1048576K
Event: 8,793 GC heap after
Heap after GC invocations=3 (full 0):
 PSYoungGen      total 36864K, used 5108K [0x00000000d6f00000, 0x00000000d9800000, 0x0000000100000000)
  eden space 31744K, 0% used [0x00000000d6f00000,0x00000000d6f00000,0x00000000d8e00000)
  from space 5120K, 99% used [0x00000000d8e00000,0x00000000d92fd2b0,0x00000000d9300000)
  to   space 5120K, 0% used [0x00000000d9300000,0x00000000d9300000,0x00000000d9800000)
 ParOldGen       total 84992K, used 5337K [0x0000000084c00000, 0x0000000089f00000, 0x00000000d6f00000)
  object space 84992K, 6% used [0x0000000084c00000,0x00000000851366d8,0x0000000089f00000)
 Metaspace       used 20157K, capacity 21226K, committed 21296K, reserved 1067008K
  class space    used 2950K, capacity 3170K, committed 3200K, reserved 1048576K
}
Event: 8,793 GC heap before
{Heap before GC invocations=4 (full 1):
 PSYoungGen      total 36864K, used 5108K [0x00000000d6f00000, 0x00000000d9800000, 0x0000000100000000)
  eden space 31744K, 0% used [0x00000000d6f00000,0x00000000d6f00000,0x00000000d8e00000)
  from space 5120K, 99% used [0x00000000d8e00000,0x00000000d92fd2b0,0x00000000d9300000)
  to   space 5120K, 0% used [0x00000000d9300000,0x00000000d9300000,0x00000000d9800000)
 ParOldGen       total 84992K, used 5337K [0x0000000084c00000, 0x0000000089f00000, 0x00000000d6f00000)
  object space 84992K, 6% used [0x0000000084c00000,0x00000000851366d8,0x0000000089f00000)
 Metaspace       used 20157K, capacity 21226K, committed 21296K, reserved 1067008K
  class space    used 2950K, capacity 3170K, committed 3200K, reserved 1048576K
Event: 8,819 GC heap after
Heap after GC invocations=4 (full 1):
 PSYoungGen      total 36864K, used 0K [0x00000000d6f00000, 0x00000000d9800000, 0x0000000100000000)
  eden space 31744K, 0% used [0x00000000d6f00000,0x00000000d6f00000,0x00000000d8e00000)
  from space 5120K, 0% used [0x00000000d8e00000,0x00000000d8e00000,0x00000000d9300000)
  to   space 5120K, 0% used [0x00000000d9300000,0x00000000d9300000,0x00000000d9800000)
 ParOldGen       total 53760K, used 9883K [0x0000000084c00000, 0x0000000088080000, 0x00000000d6f00000)
  object space 53760K, 18% used [0x0000000084c00000,0x00000000855a6e58,0x0000000088080000)
 Metaspace       used 20157K, capacity 21226K, committed 21296K, reserved 1067008K
  class space    used 2950K, capacity 3170K, committed 3200K, reserved 1048576K
}
Event: 9,026 GC heap before
{Heap before GC invocations=5 (full 1):
 PSYoungGen      total 36864K, used 31744K [0x00000000d6f00000, 0x00000000d9800000, 0x0000000100000000)
  eden space 31744K, 100% used [0x00000000d6f00000,0x00000000d8e00000,0x00000000d8e00000)
  from space 5120K, 0% used [0x00000000d8e00000,0x00000000d8e00000,0x00000000d9300000)
  to   space 5120K, 0% used [0x00000000d9300000,0x00000000d9300000,0x00000000d9800000)
 ParOldGen       total 53760K, used 9883K [0x0000000084c00000, 0x0000000088080000, 0x00000000d6f00000)
  object space 53760K, 18% used [0x0000000084c00000,0x00000000855a6e58,0x0000000088080000)
 Metaspace       used 23581K, capacity 25048K, committed 25344K, reserved 1071104K
  class space    used 3477K, capacity 3749K, committed 3840K, reserved 1048576K
Event: 9,030 GC heap after
Heap after GC invocations=5 (full 1):
 PSYoungGen      total 36864K, used 2346K [0x00000000d6f00000, 0x00000000db100000, 0x0000000100000000)
  eden space 31744K, 0% used [0x00000000d6f00000,0x00000000d6f00000,0x00000000d8e00000)
  from space 5120K, 45% used [0x00000000d9300000,0x00000000d954aa80,0x00000000d9800000)
  to   space 5120K, 0% used [0x00000000d8e00000,0x00000000d8e00000,0x00000000d9300000)
 ParOldGen       total 53760K, used 9891K [0x0000000084c00000, 0x0000000088080000, 0x00000000d6f00000)
  object space 53760K, 18% used [0x0000000084c00000,0x00000000855a8e58,0x0000000088080000)
 Metaspace       used 23581K, capacity 25048K, committed 25344K, reserved 1071104K
  class space    used 3477K, capacity 3749K, committed 3840K, reserved 1048576K
}

