# JRE version: Java(TM) SE Runtime Environment (8.0_201-b09) (build 1.8.0_201-b09)
# Java VM: Java HotSpot(TM) 64-Bit Server VM (25.201-b09 mixed mode linux-amd64 compressed oops)
Heap:
 PSYoungGen      total 68608K, used 36973K [0x00000000d6f00000, 0x00000000e0b00000, 0x0000000100000000)
  eden space 63488K, 50% used [0x00000000d6f00000,0x00000000d8e82290,0x00000000dad00000)
  from space 5120K, 99% used [0x00000000dad00000,0x00000000db1fd130,0x00000000db200000)
  to   space 16384K, 0% used [0x00000000dfb00000,0x00000000dfb00000,0x00000000e0b00000)
 ParOldGen       total 84992K, used 14279K [0x0000000084c00000, 0x0000000089f00000, 0x00000000d6f00000)
  object space 84992K, 16% used [0x0000000084c00000,0x00000000859f1dc8,0x0000000089f00000)
 Metaspace       used 18965K, capacity 19374K, committed 19712K, reserved 1067008K
  class space    used 2315K, capacity 2454K, committed 2560K, reserved 1048576K
GC Heap History (10 events):
Event: 0.598 GC heap before
{Heap before GC invocations=1 (full 0):
 PSYoungGen      total 36864K, used 31744K [0x00000000d6f00000, 0x00000000d9800000, 0x0000000100000000)
  eden space 31744K, 100% used [0x00000000d6f00000,0x00000000d8e00000,0x00000000d8e00000)
  from space 5120K, 0% used [0x00000000d9300000,0x00000000d9300000,0x00000000d9800000)
  to   space 5120K, 0% used [0x00000000d8e00000,0x00000000d8e00000,0x00000000d9300000)
 ParOldGen       total 84992K, used 0K [0x0000000084c00000, 0x0000000089f00000, 0x00000000d6f00000)
  object space 84992K, 0% used [0x0000000084c00000,0x0000000084c00000,0x0000000089f00000)
 Metaspace       used 11731K, capacity 12068K, committed 12416K, reserved 1060864K
  class space    used 1435K, capacity 1567K, committed 1664K, reserved 1048576K
Event: 0.604 GC heap after
Heap after GC invocations=1 (full 0):
 PSYoungGen      total 36864K, used 3813K [0x00000000d6f00000, 0x00000000d9800000, 0x0000000100000000)
  eden space 31744K, 0% used [0x00000000d6f00000,0x00000000d6f00000,0x00000000d8e00000)
  from space 5120K, 74% used [0x00000000d8e00000,0x00000000d91b9458,0x00000000d9300000)
  to   space 5120K, 0% used [0x00000000d9300000,0x00000000d9300000,0x00000000d9800000)
 ParOldGen       total 84992K, used 16K [0x0000000084c00000, 0x0000000089f00000, 0x00000000d6f00000)
  object space 84992K, 0% used [0x0000000084c00000,0x0000000084c04000,0x0000000089f00000)
 Metaspace       used 11731K, capacity 12068K, committed 12416K, reserved 1060864K
  class space    used 1435K, capacity 1567K, committed 1664K, reserved 1048576K
}
Event: 0.874 GC heap before
{Heap before GC invocations=2 (full 0):
 PSYoungGen      total 36864K, used 35557K [0x00000000d6f00000, 0x00000000d9800000, 0x0000000100000000)
  eden space 31744K, 100% used [0x00000000d6f00000,0x00000000d8e00000,0x00000000d8e00000)
  from space 5120K, 74% used [0x00000000d8e00000,0x00000000d91b9458,0x00000000d9300000)
  to   space 5120K, 0% used [0x00000000d9300000,0x00000000d9300000,0x00000000d9800000)
 ParOldGen       total 84992K, used 16K [0x0000000084c00000, 0x0000000089f00000, 0x00000000d6f00000)
  object space 84992K, 0% used [0x0000000084c00000,0x0000000084c04000,0x0000000089f00000)
 Metaspace       used 15319K, capacity 15754K, committed 15872K, reserved 1062912K
  class space    used 1893K, capacity 2036K, committed 2048K, reserved 1048576K
Event: 0.878 GC heap after
Heap after GC invocations=2 (full 0):
 PSYoungGen      total 36864K, used 4677K [0x00000000d6f00000, 0x00000000db700000, 0x0000000100000000)
  eden space 31744K, 0% used [0x00000000d6f00000,0x00000000d6f00000,0x00000000d8e00000)
  from space 5120K, 91% used [0x00000000d9300000,0x00000000d9791760,0x00000000d9800000)
  to   space 5120K, 0% used [0x00000000d8e00000,0x00000000d8e00000,0x00000000d9300000)
 ParOldGen       total 84992K, used 24K [0x0000000084c00000, 0x0000000089f00000, 0x00000000d6f00000)
  object space 84992K, 0% used [0x0000000084c00000,0x0000000084c06000,0x0000000089f00000)
 Metaspace       used 15319K, capacity 15754K, committed 15872K, reserved 1062912K
  class space    used 1893K, capacity 2036K, committed 2048K, reserved 1048576K
}
Event: 1.030 GC heap before
{Heap before GC invocations=3 (full 0):
 PSYoungGen      total 36864K, used 36421K [0x00000000d6f00000, 0x00000000db700000, 0x0000000100000000)
  eden space 31744K, 100% used [0x00000000d6f00000,0x00000000d8e00000,0x00000000d8e00000)
  from space 5120K, 91% used [0x00000000d9300000,0x00000000d9791760,0x00000000d9800000)
  to   space 5120K, 0% used [0x00000000d8e00000,0x00000000d8e00000,0x00000000d9300000)
 ParOldGen       total 84992K, used 24K [0x0000000084c00000, 0x0000000089f00000, 0x00000000d6f00000)
  object space 84992K, 0% used [0x0000000084c00000,0x0000000084c06000,0x0000000089f00000)
 Metaspace       used 16525K, capacity 17034K, committed 17408K, reserved 1064960K
  class space    used 2070K, capacity 2228K, committed 2304K, reserved 1048576K
Event: 1.043 GC heap after
Heap after GC invocations=3 (full 0):
 PSYoungGen      total 36864K, used 5060K [0x00000000d6f00000, 0x00000000db700000, 0x0000000100000000)
  eden space 31744K, 0% used [0x00000000d6f00000,0x00000000d6f00000,0x00000000d8e00000)
  from space 5120K, 98% used [0x00000000d8e00000,0x00000000d92f1150,0x00000000d9300000)
  to   space 5120K, 0% used [0x00000000db200000,0x00000000db200000,0x00000000db700000)
 ParOldGen       total 84992K, used 32K [0x0000000084c00000, 0x0000000089f00000, 0x00000000d6f00000)
  object space 84992K, 0% used [0x0000000084c00000,0x0000000084c08000,0x0000000089f00000)
 Metaspace       used 16525K, capacity 17034K, committed 17408K, reserved 1064960K
  class space    used 2070K, capacity 2228K, committed 2304K, reserved 1048576K
}
Event: 1.171 GC heap before
{Heap before GC invocations=4 (full 0):
 PSYoungGen      total 36864K, used 35836K [0x00000000d6f00000, 0x00000000db700000, 0x0000000100000000)
  eden space 31744K, 96% used [0x00000000d6f00000,0x00000000d8d0e288,0x00000000d8e00000)
  from space 5120K, 98% used [0x00000000d8e00000,0x00000000d92f1150,0x00000000d9300000)
  to   space 5120K, 0% used [0x00000000db200000,0x00000000db200000,0x00000000db700000)
 ParOldGen       total 84992K, used 32K [0x0000000084c00000, 0x0000000089f00000, 0x00000000d6f00000)
  object space 84992K, 0% used [0x0000000084c00000,0x0000000084c08000,0x0000000089f00000)
 Metaspace       used 17983K, capacity 18446K, committed 18816K, reserved 1064960K
  class space    used 2218K, capacity 2358K, committed 2432K, reserved 1048576K
Event: 1.178 GC heap after
Heap after GC invocations=4 (full 0):
 PSYoungGen      total 68608K, used 5092K [0x00000000d6f00000, 0x00000000db700000, 0x0000000100000000)
  eden space 63488K, 0% used [0x00000000d6f00000,0x00000000d6f00000,0x00000000dad00000)
  from space 5120K, 99% used [0x00000000db200000,0x00000000db6f9140,0x00000000db700000)
  to   space 5120K, 0% used [0x00000000dad00000,0x00000000dad00000,0x00000000db200000)
 ParOldGen       total 84992K, used 13879K [0x0000000084c00000, 0x0000000089f00000, 0x00000000d6f00000)
  object space 84992K, 16% used [0x0000000084c00000,0x000000008598df40,0x0000000089f00000)
 Metaspace       used 17983K, capacity 18446K, committed 18816K, reserved 1064960K
  class space    used 2218K, capacity 2358K, committed 2432K, reserved 1048576K
}
Event: 1.353 GC heap before
{Heap before GC invocations=5 (full 0):
 PSYoungGen      total 68608K, used 68580K [0x00000000d6f00000, 0x00000000db700000, 0x0000000100000000)
  eden space 63488K, 100% used [0x00000000d6f00000,0x00000000dad00000,0x00000000dad00000)
  from space 5120K, 99% used [0x00000000db200000,0x00000000db6f9140,0x00000000db700000)
  to   space 5120K, 0% used [0x00000000dad00000,0x00000000dad00000,0x00000000db200000)
 ParOldGen       total 84992K, used 13879K [0x0000000084c00000, 0x0000000089f00000, 0x00000000d6f00000)
  object space 84992K, 16% used [0x0000000084c00000,0x000000008598df40,0x0000000089f00000)
 Metaspace       used 18925K, capacity 19374K, committed 19712K, reserved 1067008K
  class space    used 2304K, capacity 2454K, committed 2560K, reserved 1048576K
Event: 1.358 GC heap after
Heap after GC invocations=5 (full 0):
 PSYoungGen      total 68608K, used 5108K [0x00000000d6f00000, 0x00000000e0b00000, 0x0000000100000000)
  eden space 63488K, 0% used [0x00000000d6f00000,0x00000000d6f00000,0x00000000dad00000)
  from space 5120K, 99% used [0x00000000dad00000,0x00000000db1fd130,0x00000000db200000)
  to   space 16384K, 0% used [0x00000000dfb00000,0x00000000dfb00000,0x00000000e0b00000)
 ParOldGen       total 84992K, used 14279K [0x0000000084c00000, 0x0000000089f00000, 0x00000000d6f00000)
  object space 84992K, 16% used [0x0000000084c00000,0x00000000859f1dc8,0x0000000089f00000)
 Metaspace       used 18925K, capacity 19374K, committed 19712K, reserved 1067008K
  class space    used 2304K, capacity 2454K, committed 2560K, reserved 1048576K
}

