# JRE version: Java(TM) SE Runtime Environment (8.0_201-b09) (build 1.8.0_201-b09)
# Java VM: Java HotSpot(TM) 64-Bit Server VM (25.201-b09 mixed mode linux-amd64 compressed oops)
Heap:
 PSYoungGen      total 132096K, used 57642K [0x00000000d6f00000, 0x00000000ecf00000, 0x0000000100000000)
  eden space 126976K, 45% used [0x00000000d6f00000,0x00000000da6d0a70,0x00000000deb00000)
  from space 5120K, 9% used [0x00000000deb00000,0x00000000deb7a098,0x00000000df000000)
  to   space 90624K, 0% used [0x00000000e7680000,0x00000000e7680000,0x00000000ecf00000)
 ParOldGen       total 327680K, used 149492K [0x0000000084c00000, 0x0000000098c00000, 0x00000000d6f00000)
  object space 327680K, 45% used [0x0000000084c00000,0x000000008ddfd290,0x0000000098c00000)
 Metaspace       used 20727K, capacity 21638K, committed 21760K, reserved 1069056K
  class space    used 2847K, capacity 3054K, committed 3072K, reserved 1048576K
GC Heap History (10 events):
Event: 12,385 GC heap before
{Heap before GC invocations=4 (full 1):
 PSYoungGen      total 68608K, used 5108K [0x00000000d6f00000, 0x00000000df500000, 0x0000000100000000)
  eden space 63488K, 0% used [0x00000000d6f00000,0x00000000d6f00000,0x00000000dad00000)
  from space 5120K, 99% used [0x00000000dad00000,0x00000000db1fd108,0x00000000db200000)
  to   space 5120K, 0% used [0x00000000df000000,0x00000000df000000,0x00000000df500000)
 ParOldGen       total 84992K, used 5551K [0x0000000084c00000, 0x0000000089f00000, 0x00000000d6f00000)
  object space 84992K, 6% used [0x0000000084c00000,0x000000008516bc68,0x0000000089f00000)
 Metaspace       used 20301K, capacity 21126K, committed 21248K, reserved 1067008K
  class space    used 2783K, capacity 2990K, committed 3072K, reserved 1048576K
Event: 12,417 GC heap after
Heap after GC invocations=4 (full 1):
 PSYoungGen      total 68608K, used 0K [0x00000000d6f00000, 0x00000000df500000, 0x0000000100000000)
  eden space 63488K, 0% used [0x00000000d6f00000,0x00000000d6f00000,0x00000000dad00000)
  from space 5120K, 0% used [0x00000000dad00000,0x00000000dad00000,0x00000000db200000)
  to   space 5120K, 0% used [0x00000000df000000,0x00000000df000000,0x00000000df500000)
 ParOldGen       total 52224K, used 10141K [0x0000000084c00000, 0x0000000087f00000, 0x00000000d6f00000)
  object space 52224K, 19% used [0x0000000084c00000,0x00000000855e7658,0x0000000087f00000)
 Metaspace       used 20301K, capacity 21126K, committed 21248K, reserved 1067008K
  class space    used 2783K, capacity 2990K, committed 3072K, reserved 1048576K
}
Event: 12,552 GC heap before
{Heap before GC invocations=5 (full 1):
 PSYoungGen      total 68608K, used 63488K [0x00000000d6f00000, 0x00000000df500000, 0x0000000100000000)
  eden space 63488K, 100% used [0x00000000d6f00000,0x00000000dad00000,0x00000000dad00000)
  from space 5120K, 0% used [0x00000000dad00000,0x00000000dad00000,0x00000000db200000)
  to   space 5120K, 0% used [0x00000000df000000,0x00000000df000000,0x00000000df500000)
 ParOldGen       total 52224K, used 10141K [0x0000000084c00000, 0x0000000087f00000, 0x00000000d6f00000)
  object space 52224K, 19% used [0x0000000084c00000,0x00000000855e7658,0x0000000087f00000)
 Metaspace       used 20705K, capacity 21638K, committed 21760K, reserved 1069056K
  class space    used 2847K, capacity 3054K, committed 3072K, reserved 1048576K
Event: 12,653 GC heap after
Heap after GC invocations=5 (full 1):
 PSYoungGen      total 130560K, used 5120K [0x00000000d6f00000, 0x00000000df500000, 0x0000000100000000)
  eden space 125440K, 0% used [0x00000000d6f00000,0x00000000d6f00000,0x00000000de980000)
  from space 5120K, 100% used [0x00000000df000000,0x00000000df500000,0x00000000df500000)
  to   space 5120K, 0% used [0x00000000deb00000,0x00000000deb00000,0x00000000df000000)
 ParOldGen       total 52224K, used 47341K [0x0000000084c00000, 0x0000000087f00000, 0x00000000d6f00000)
  object space 52224K, 90% used [0x0000000084c00000,0x0000000087a3b738,0x0000000087f00000)
 Metaspace       used 20705K, capacity 21638K, committed 21760K, reserved 1069056K
  class space    used 2847K, capacity 3054K, committed 3072K, reserved 1048576K
}
Event: 12,653 GC heap before
{Heap before GC invocations=6 (full 2):
 PSYoungGen      total 130560K, used 5120K [0x00000000d6f00000, 0x00000000df500000, 0x0000000100000000)
  eden space 125440K, 0% used [0x00000000d6f00000,0x00000000d6f00000,0x00000000de980000)
  from space 5120K, 100% used [0x00000000df000000,0x00000000df500000,0x00000000df500000)
  to   space 5120K, 0% used [0x00000000deb00000,0x00000000deb00000,0x00000000df000000)
 ParOldGen       total 52224K, used 47341K [0x0000000084c00000, 0x0000000087f00000, 0x00000000d6f00000)
  object space 52224K, 90% used [0x0000000084c00000,0x0000000087a3b738,0x0000000087f00000)
 Metaspace       used 20705K, capacity 21638K, committed 21760K, reserved 1069056K
  class space    used 2847K, capacity 3054K, committed 3072K, reserved 1048576K
Event: 12,953 GC heap after
Heap after GC invocations=6 (full 2):
 PSYoungGen      total 130560K, used 0K [0x00000000d6f00000, 0x00000000df500000, 0x0000000100000000)
  eden space 125440K, 0% used [0x00000000d6f00000,0x00000000d6f00000,0x00000000de980000)
  from space 5120K, 0% used [0x00000000df000000,0x00000000df000000,0x00000000df500000)
  to   space 5120K, 0% used [0x00000000deb00000,0x00000000deb00000,0x00000000df000000)
 ParOldGen       total 149504K, used 51052K [0x0000000084c00000, 0x000000008de00000, 0x00000000d6f00000)
  object space 149504K, 34% used [0x0000000084c00000,0x0000000087ddb130,0x000000008de00000)
 Metaspace       used 20705K, capacity 21638K, committed 21760K, reserved 1069056K
  class space    used 2847K, capacity 3054K, committed 3072K, reserved 1048576K
}
Event: 13,039 GC heap before
{Heap before GC invocations=7 (full 2):
 PSYoungGen      total 130560K, used 125440K [0x00000000d6f00000, 0x00000000df500000, 0x0000000100000000)
  eden space 125440K, 100% used [0x00000000d6f00000,0x00000000de980000,0x00000000de980000)
  from space 5120K, 0% used [0x00000000df000000,0x00000000df000000,0x00000000df500000)
  to   space 5120K, 0% used [0x00000000deb00000,0x00000000deb00000,0x00000000df000000)
 ParOldGen       total 149504K, used 51052K [0x0000000084c00000, 0x000000008de00000, 0x00000000d6f00000)
  object space 149504K, 34% used [0x0000000084c00000,0x0000000087ddb130,0x000000008de00000)
 Metaspace       used 20713K, capacity 21638K, committed 21760K, reserved 1069056K
  class space    used 2847K, capacity 3054K, committed 3072K, reserved 1048576K
Event: 13,470 GC heap after
Heap after GC invocations=7 (full 2):
 PSYoungGen      total 132096K, used 5096K [0x00000000d6f00000, 0x00000000ecf00000, 0x0000000100000000)
  eden space 126976K, 0% used [0x00000000d6f00000,0x00000000d6f00000,0x00000000deb00000)
  from space 5120K, 99% used [0x00000000deb00000,0x00000000deffa288,0x00000000df000000)
  to   space 90624K, 0% used [0x00000000e7680000,0x00000000e7680000,0x00000000ecf00000)
 ParOldGen       total 149504K, used 145476K [0x0000000084c00000, 0x000000008de00000, 0x00000000d6f00000)
  object space 149504K, 97% used [0x0000000084c00000,0x000000008da11130,0x000000008de00000)
 Metaspace       used 20713K, capacity 21638K, committed 21760K, reserved 1069056K
  class space    used 2847K, capacity 3054K, committed 3072K, reserved 1048576K
}
Event: 13,470 GC heap before
{Heap before GC invocations=8 (full 3):
 PSYoungGen      total 132096K, used 5096K [0x00000000d6f00000, 0x00000000ecf00000, 0x0000000100000000)
  eden space 126976K, 0% used [0x00000000d6f00000,0x00000000d6f00000,0x00000000deb00000)
  from space 5120K, 99% used [0x00000000deb00000,0x00000000deffa288,0x00000000df000000)
  to   space 90624K, 0% used [0x00000000e7680000,0x00000000e7680000,0x00000000ecf00000)
 ParOldGen       total 149504K, used 145476K [0x0000000084c00000, 0x000000008de00000, 0x00000000d6f00000)
  object space 149504K, 97% used [0x0000000084c00000,0x000000008da11130,0x000000008de00000)
 Metaspace       used 20713K, capacity 21638K, committed 21760K, reserved 1069056K
  class space    used 2847K, capacity 3054K, committed 3072K, reserved 1048576K
Event: 14,929 GC heap after
Heap after GC invocations=8 (full 3):
 PSYoungGen      total 132096K, used 488K [0x00000000d6f00000, 0x00000000ecf00000, 0x0000000100000000)
  eden space 126976K, 0% used [0x00000000d6f00000,0x00000000d6f00000,0x00000000deb00000)
  from space 5120K, 9% used [0x00000000deb00000,0x00000000deb7a098,0x00000000df000000)
  to   space 90624K, 0% used [0x00000000e7680000,0x00000000e7680000,0x00000000ecf00000)
 ParOldGen       total 327680K, used 149492K [0x0000000084c00000, 0x0000000098c00000, 0x00000000d6f00000)
  object space 327680K, 45% used [0x0000000084c00000,0x000000008ddfd290,0x0000000098c00000)
 Metaspace       used 20713K, capacity 21638K, committed 21760K, reserved 1069056K
  class space    used 2847K, capacity 3054K, committed 3072K, reserved 1048576K
}

