# JRE version: Java(TM) SE Runtime Environment (8.0_191-b12) (build 1.8.0_191-b12)
# Java VM: Java HotSpot(TM) 64-Bit Server VM (25.191-b12 mixed mode linux-amd64 compressed oops)
Heap:
 PSYoungGen      total 134144K, used 66567K [0x00000000d6f00000, 0x00000000df900000, 0x0000000100000000)
  eden space 126976K, 48% used [0x00000000d6f00000,0x00000000daad4d70,0x00000000deb00000)
  from space 7168K, 73% used [0x00000000df200000,0x00000000df72cf90,0x00000000df900000)
  to   space 7168K, 0% used [0x00000000deb00000,0x00000000deb00000,0x00000000df200000)
 ParOldGen       total 84992K, used 18776K [0x0000000084c00000, 0x0000000089f00000, 0x00000000d6f00000)
  object space 84992K, 22% used [0x0000000084c00000,0x0000000085e56210,0x0000000089f00000)
 Metaspace       used 18763K, capacity 19274K, committed 19456K, reserved 1067008K
  class space    used 2330K, capacity 2482K, committed 2560K, reserved 1048576K
GC Heap History (10 events):
Event: 0.895 GC heap before
{Heap before GC invocations=2 (full 0):
 PSYoungGen      total 36864K, used 36216K [0x00000000d6f00000, 0x00000000d9800000, 0x0000000100000000)
  eden space 31744K, 100% used [0x00000000d6f00000,0x00000000d8e00000,0x00000000d8e00000)
  from space 5120K, 87% used [0x00000000d8e00000,0x00000000d925e3e0,0x00000000d9300000)
  to   space 5120K, 0% used [0x00000000d9300000,0x00000000d9300000,0x00000000d9800000)
 ParOldGen       total 84992K, used 8K [0x0000000084c00000, 0x0000000089f00000, 0x00000000d6f00000)
  object space 84992K, 0% used [0x0000000084c00000,0x0000000084c02000,0x0000000089f00000)
 Metaspace       used 15774K, capacity 16192K, committed 16512K, reserved 1062912K
  class space    used 2009K, capacity 2115K, committed 2176K, reserved 1048576K
Event: 0.902 GC heap after
Heap after GC invocations=2 (full 0):
 PSYoungGen      total 36864K, used 5109K [0x00000000d6f00000, 0x00000000db700000, 0x0000000100000000)
  eden space 31744K, 0% used [0x00000000d6f00000,0x00000000d6f00000,0x00000000d8e00000)
  from space 5120K, 99% used [0x00000000d9300000,0x00000000d97fd6e8,0x00000000d9800000)
  to   space 5120K, 0% used [0x00000000d8e00000,0x00000000d8e00000,0x00000000d9300000)
 ParOldGen       total 84992K, used 416K [0x0000000084c00000, 0x0000000089f00000, 0x00000000d6f00000)
  object space 84992K, 0% used [0x0000000084c00000,0x0000000084c68078,0x0000000089f00000)
 Metaspace       used 15774K, capacity 16192K, committed 16512K, reserved 1062912K
  class space    used 2009K, capacity 2115K, committed 2176K, reserved 1048576K
}
Event: 1.099 GC heap before
{Heap before GC invocations=3 (full 0):
 PSYoungGen      total 36864K, used 36853K [0x00000000d6f00000, 0x00000000db700000, 0x0000000100000000)
  eden space 31744K, 100% used [0x00000000d6f00000,0x00000000d8e00000,0x00000000d8e00000)
  from space 5120K, 99% used [0x00000000d9300000,0x00000000d97fd6e8,0x00000000d9800000)
  to   space 5120K, 0% used [0x00000000d8e00000,0x00000000d8e00000,0x00000000d9300000)
 ParOldGen       total 84992K, used 416K [0x0000000084c00000, 0x0000000089f00000, 0x00000000d6f00000)
  object space 84992K, 0% used [0x0000000084c00000,0x0000000084c68078,0x0000000089f00000)
 Metaspace       used 17763K, capacity 18282K, committed 18432K, reserved 1064960K
  class space    used 2282K, capacity 2450K, committed 2560K, reserved 1048576K
Event: 1.109 GC heap after
Heap after GC invocations=3 (full 0):
 PSYoungGen      total 36864K, used 5091K [0x00000000d6f00000, 0x00000000db700000, 0x0000000100000000)
  eden space 31744K, 0% used [0x00000000d6f00000,0x00000000d6f00000,0x00000000d8e00000)
  from space 5120K, 99% used [0x00000000d8e00000,0x00000000d92f8f80,0x00000000d9300000)
  to   space 5120K, 0% used [0x00000000db200000,0x00000000db200000,0x00000000db700000)
 ParOldGen       total 84992K, used 2315K [0x0000000084c00000, 0x0000000089f00000, 0x00000000d6f00000)
  object space 84992K, 2% used [0x0000000084c00000,0x0000000084e42db8,0x0000000089f00000)
 Metaspace       used 17763K, capacity 18282K, committed 18432K, reserved 1064960K
  class space    used 2282K, capacity 2450K, committed 2560K, reserved 1048576K
}
Event: 1.203 GC heap before
{Heap before GC invocations=4 (full 0):
 PSYoungGen      total 36864K, used 36835K [0x00000000d6f00000, 0x00000000db700000, 0x0000000100000000)
  eden space 31744K, 100% used [0x00000000d6f00000,0x00000000d8e00000,0x00000000d8e00000)
  from space 5120K, 99% used [0x00000000d8e00000,0x00000000d92f8f80,0x00000000d9300000)
  to   space 5120K, 0% used [0x00000000db200000,0x00000000db200000,0x00000000db700000)
 ParOldGen       total 84992K, used 2315K [0x0000000084c00000, 0x0000000089f00000, 0x00000000d6f00000)
  object space 84992K, 2% used [0x0000000084c00000,0x0000000084e42db8,0x0000000089f00000)
 Metaspace       used 17802K, capacity 18346K, committed 18688K, reserved 1064960K
  class space    used 2285K, capacity 2450K, committed 2560K, reserved 1048576K
Event: 1.208 GC heap after
Heap after GC invocations=4 (full 0):
 PSYoungGen      total 68608K, used 5091K [0x00000000d6f00000, 0x00000000db700000, 0x0000000100000000)
  eden space 63488K, 0% used [0x00000000d6f00000,0x00000000d6f00000,0x00000000dad00000)
  from space 5120K, 99% used [0x00000000db200000,0x00000000db6f8f80,0x00000000db700000)
  to   space 5120K, 0% used [0x00000000dad00000,0x00000000dad00000,0x00000000db200000)
 ParOldGen       total 84992K, used 2363K [0x0000000084c00000, 0x0000000089f00000, 0x00000000d6f00000)
  object space 84992K, 2% used [0x0000000084c00000,0x0000000084e4edb8,0x0000000089f00000)
 Metaspace       used 17802K, capacity 18346K, committed 18688K, reserved 1064960K
  class space    used 2285K, capacity 2450K, committed 2560K, reserved 1048576K
}
Event: 1.360 GC heap before
{Heap before GC invocations=5 (full 0):
 PSYoungGen      total 68608K, used 68579K [0x00000000d6f00000, 0x00000000db700000, 0x0000000100000000)
  eden space 63488K, 100% used [0x00000000d6f00000,0x00000000dad00000,0x00000000dad00000)
  from space 5120K, 99% used [0x00000000db200000,0x00000000db6f8f80,0x00000000db700000)
  to   space 5120K, 0% used [0x00000000dad00000,0x00000000dad00000,0x00000000db200000)
 ParOldGen       total 84992K, used 2363K [0x0000000084c00000, 0x0000000089f00000, 0x00000000d6f00000)
  object space 84992K, 2% used [0x0000000084c00000,0x0000000084e4edb8,0x0000000089f00000)
 Metaspace       used 18435K, capacity 18954K, committed 19200K, reserved 1067008K
  class space    used 2314K, capacity 2482K, committed 2560K, reserved 1048576K
Event: 1.375 GC heap after
Heap after GC invocations=5 (full 0):
 PSYoungGen      total 68608K, used 5091K [0x00000000d6f00000, 0x00000000df900000, 0x0000000100000000)
  eden space 63488K, 0% used [0x00000000d6f00000,0x00000000d6f00000,0x00000000dad00000)
  from space 5120K, 99% used [0x00000000dad00000,0x00000000db1f8f60,0x00000000db200000)
  to   space 7168K, 0% used [0x00000000df200000,0x00000000df200000,0x00000000df900000)
 ParOldGen       total 84992K, used 2704K [0x0000000084c00000, 0x0000000089f00000, 0x00000000d6f00000)
  object space 84992K, 3% used [0x0000000084c00000,0x0000000084ea4200,0x0000000089f00000)
 Metaspace       used 18435K, capacity 18954K, committed 19200K, reserved 1067008K
  class space    used 2314K, capacity 2482K, committed 2560K, reserved 1048576K
}
Event: 13.679 GC heap before
{Heap before GC invocations=6 (full 0):
 PSYoungGen      total 68608K, used 52743K [0x00000000d6f00000, 0x00000000df900000, 0x0000000100000000)
  eden space 63488K, 75% used [0x00000000d6f00000,0x00000000d9d88de0,0x00000000dad00000)
  from space 5120K, 99% used [0x00000000dad00000,0x00000000db1f8f60,0x00000000db200000)
  to   space 7168K, 0% used [0x00000000df200000,0x00000000df200000,0x00000000df900000)
 ParOldGen       total 84992K, used 2704K [0x0000000084c00000, 0x0000000089f00000, 0x00000000d6f00000)
  object space 84992K, 3% used [0x0000000084c00000,0x0000000084ea4200,0x0000000089f00000)
 Metaspace       used 18675K, capacity 19210K, committed 19456K, reserved 1067008K
  class space    used 2330K, capacity 2482K, committed 2560K, reserved 1048576K
Event: 13.725 GC heap after
Heap after GC invocations=6 (full 0):
 PSYoungGen      total 134144K, used 5299K [0x00000000d6f00000, 0x00000000df900000, 0x0000000100000000)
  eden space 126976K, 0% used [0x00000000d6f00000,0x00000000d6f00000,0x00000000deb00000)
  from space 7168K, 73% used [0x00000000df200000,0x00000000df72cf90,0x00000000df900000)
  to   space 7168K, 0% used [0x00000000deb00000,0x00000000deb00000,0x00000000df200000)
 ParOldGen       total 84992K, used 18776K [0x0000000084c00000, 0x0000000089f00000, 0x00000000d6f00000)
  object space 84992K, 22% used [0x0000000084c00000,0x0000000085e56210,0x0000000089f00000)
 Metaspace       used 18675K, capacity 19210K, committed 19456K, reserved 1067008K
  class space    used 2330K, capacity 2482K, committed 2560K, reserved 1048576K
}

