# JRE version: Java(TM) SE Runtime Environment (8.0_191-b12) (build 1.8.0_191-b12)
# Java VM: Java HotSpot(TM) 64-Bit Server VM (25.191-b12 mixed mode linux-amd64 compressed oops)
Heap:
 PSYoungGen      total 111616K, used 100292K [0x00000000d6f00000, 0x00000000de400000, 0x0000000100000000)
  eden space 103936K, 96% used [0x00000000d6f00000,0x00000000dd0f1348,0x00000000dd480000)
  from space 7680K, 0% used [0x00000000dd480000,0x00000000dd480000,0x00000000ddc00000)
  to   space 7680K, 0% used [0x00000000ddc80000,0x00000000ddc80000,0x00000000de400000)
 ParOldGen       total 250368K, used 170903K [0x0000000084c00000, 0x0000000094080000, 0x00000000d6f00000)
  object space 250368K, 68% used [0x0000000084c00000,0x000000008f2e5c08,0x0000000094080000)
 Metaspace       used 14963K, capacity 15452K, committed 15744K, reserved 1062912K
  class space    used 1933K, capacity 2099K, committed 2176K, reserved 1048576K
GC Heap History (10 events):
Event: 6,809 GC heap before
{Heap before GC invocations=6 (full 0):
 PSYoungGen      total 36352K, used 36323K [0x00000000d6f00000, 0x00000000dae00000, 0x0000000100000000)
  eden space 31232K, 100% used [0x00000000d6f00000,0x00000000d8d80000,0x00000000d8d80000)
  from space 5120K, 99% used [0x00000000d8e00000,0x00000000d92f8fb0,0x00000000d9300000)
  to   space 6144K, 0% used [0x00000000da800000,0x00000000da800000,0x00000000dae00000)
 ParOldGen       total 84992K, used 1046K [0x0000000084c00000, 0x0000000089f00000, 0x00000000d6f00000)
  object space 84992K, 1% used [0x0000000084c00000,0x0000000084d05870,0x0000000089f00000)
 Metaspace       used 14919K, capacity 15444K, committed 15744K, reserved 1062912K
  class space    used 1931K, capacity 2099K, committed 2176K, reserved 1048576K
Event: 6,813 GC heap after
Heap after GC invocations=6 (full 0):
 PSYoungGen      total 58368K, used 5188K [0x00000000d6f00000, 0x00000000db800000, 0x0000000100000000)
  eden space 52224K, 0% used [0x00000000d6f00000,0x00000000d6f00000,0x00000000da200000)
  from space 6144K, 84% used [0x00000000da800000,0x00000000dad110f8,0x00000000dae00000)
  to   space 6144K, 0% used [0x00000000da200000,0x00000000da200000,0x00000000da800000)
 ParOldGen       total 84992K, used 1046K [0x0000000084c00000, 0x0000000089f00000, 0x00000000d6f00000)
  object space 84992K, 1% used [0x0000000084c00000,0x0000000084d05870,0x0000000089f00000)
 Metaspace       used 14919K, capacity 15444K, committed 15744K, reserved 1062912K
  class space    used 1931K, capacity 2099K, committed 2176K, reserved 1048576K
}
Event: 8,965 GC heap before
{Heap before GC invocations=7 (full 0):
 PSYoungGen      total 58368K, used 57412K [0x00000000d6f00000, 0x00000000db800000, 0x0000000100000000)
  eden space 52224K, 100% used [0x00000000d6f00000,0x00000000da200000,0x00000000da200000)
  from space 6144K, 84% used [0x00000000da800000,0x00000000dad110f8,0x00000000dae00000)
  to   space 6144K, 0% used [0x00000000da200000,0x00000000da200000,0x00000000da800000)
 ParOldGen       total 84992K, used 1046K [0x0000000084c00000, 0x0000000089f00000, 0x00000000d6f00000)
  object space 84992K, 1% used [0x0000000084c00000,0x0000000084d05870,0x0000000089f00000)
 Metaspace       used 14926K, capacity 15444K, committed 15744K, reserved 1062912K
  class space    used 1931K, capacity 2099K, committed 2176K, reserved 1048576K
Event: 9,006 GC heap after
Heap after GC invocations=7 (full 0):
 PSYoungGen      total 58368K, used 160K [0x00000000d6f00000, 0x00000000de300000, 0x0000000100000000)
  eden space 52224K, 0% used [0x00000000d6f00000,0x00000000d6f00000,0x00000000da200000)
  from space 6144K, 2% used [0x00000000da200000,0x00000000da228000,0x00000000da800000)
  to   space 7168K, 0% used [0x00000000ddc00000,0x00000000ddc00000,0x00000000de300000)
 ParOldGen       total 84992K, used 6077K [0x0000000084c00000, 0x0000000089f00000, 0x00000000d6f00000)
  object space 84992K, 7% used [0x0000000084c00000,0x00000000851ef4d8,0x0000000089f00000)
 Metaspace       used 14926K, capacity 15444K, committed 15744K, reserved 1062912K
  class space    used 1931K, capacity 2099K, committed 2176K, reserved 1048576K
}
Event: 9,487 GC heap before
{Heap before GC invocations=8 (full 0):
 PSYoungGen      total 58368K, used 52384K [0x00000000d6f00000, 0x00000000de300000, 0x0000000100000000)
  eden space 52224K, 100% used [0x00000000d6f00000,0x00000000da200000,0x00000000da200000)
  from space 6144K, 2% used [0x00000000da200000,0x00000000da228000,0x00000000da800000)
  to   space 7168K, 0% used [0x00000000ddc00000,0x00000000ddc00000,0x00000000de300000)
 ParOldGen       total 84992K, used 6077K [0x0000000084c00000, 0x0000000089f00000, 0x00000000d6f00000)
  object space 84992K, 7% used [0x0000000084c00000,0x00000000851ef4d8,0x0000000089f00000)
 Metaspace       used 14951K, capacity 15444K, committed 15744K, reserved 1062912K
  class space    used 1933K, capacity 2099K, committed 2176K, reserved 1048576K
Event: 9,503 GC heap after
Heap after GC invocations=8 (full 0):
 PSYoungGen      total 111104K, used 128K [0x00000000d6f00000, 0x00000000de400000, 0x0000000100000000)
  eden space 103936K, 0% used [0x00000000d6f00000,0x00000000d6f00000,0x00000000dd480000)
  from space 7168K, 1% used [0x00000000ddc00000,0x00000000ddc20000,0x00000000de300000)
  to   space 7680K, 0% used [0x00000000dd480000,0x00000000dd480000,0x00000000ddc00000)
 ParOldGen       total 84992K, used 6093K [0x0000000084c00000, 0x0000000089f00000, 0x00000000d6f00000)
  object space 84992K, 7% used [0x0000000084c00000,0x00000000851f34d8,0x0000000089f00000)
 Metaspace       used 14951K, capacity 15444K, committed 15744K, reserved 1062912K
  class space    used 1933K, capacity 2099K, committed 2176K, reserved 1048576K
}
Event: 10,974 GC heap before
{Heap before GC invocations=9 (full 0):
 PSYoungGen      total 111104K, used 72936K [0x00000000d6f00000, 0x00000000de400000, 0x0000000100000000)
  eden space 103936K, 70% used [0x00000000d6f00000,0x00000000db61a0a0,0x00000000dd480000)
  from space 7168K, 1% used [0x00000000ddc00000,0x00000000ddc20000,0x00000000de300000)
  to   space 7680K, 0% used [0x00000000dd480000,0x00000000dd480000,0x00000000ddc00000)
 ParOldGen       total 84992K, used 6093K [0x0000000084c00000, 0x0000000089f00000, 0x00000000d6f00000)
  object space 84992K, 7% used [0x0000000084c00000,0x00000000851f34d8,0x0000000089f00000)
 Metaspace       used 14951K, capacity 15444K, committed 15744K, reserved 1062912K
  class space    used 1933K, capacity 2099K, committed 2176K, reserved 1048576K
Event: 10,976 GC heap after
Heap after GC invocations=9 (full 0):
 PSYoungGen      total 111616K, used 256K [0x00000000d6f00000, 0x00000000de400000, 0x0000000100000000)
  eden space 103936K, 0% used [0x00000000d6f00000,0x00000000d6f00000,0x00000000dd480000)
  from space 7680K, 3% used [0x00000000dd480000,0x00000000dd4c0000,0x00000000ddc00000)
  to   space 7680K, 0% used [0x00000000ddc80000,0x00000000ddc80000,0x00000000de400000)
 ParOldGen       total 84992K, used 6101K [0x0000000084c00000, 0x0000000089f00000, 0x00000000d6f00000)
  object space 84992K, 7% used [0x0000000084c00000,0x00000000851f54d8,0x0000000089f00000)
 Metaspace       used 14951K, capacity 15444K, committed 15744K, reserved 1062912K
  class space    used 1933K, capacity 2099K, committed 2176K, reserved 1048576K
}
Event: 10,976 GC heap before
{Heap before GC invocations=10 (full 1):
 PSYoungGen      total 111616K, used 256K [0x00000000d6f00000, 0x00000000de400000, 0x0000000100000000)
  eden space 103936K, 0% used [0x00000000d6f00000,0x00000000d6f00000,0x00000000dd480000)
  from space 7680K, 3% used [0x00000000dd480000,0x00000000dd4c0000,0x00000000ddc00000)
  to   space 7680K, 0% used [0x00000000ddc80000,0x00000000ddc80000,0x00000000de400000)
 ParOldGen       total 84992K, used 6101K [0x0000000084c00000, 0x0000000089f00000, 0x00000000d6f00000)
  object space 84992K, 7% used [0x0000000084c00000,0x00000000851f54d8,0x0000000089f00000)
 Metaspace       used 14951K, capacity 15444K, committed 15744K, reserved 1062912K
  class space    used 1933K, capacity 2099K, committed 2176K, reserved 1048576K
Event: 11,044 GC heap after
Heap after GC invocations=10 (full 1):
 PSYoungGen      total 111616K, used 0K [0x00000000d6f00000, 0x00000000de400000, 0x0000000100000000)
  eden space 103936K, 0% used [0x00000000d6f00000,0x00000000d6f00000,0x00000000dd480000)
  from space 7680K, 0% used [0x00000000dd480000,0x00000000dd480000,0x00000000ddc00000)
  to   space 7680K, 0% used [0x00000000ddc80000,0x00000000ddc80000,0x00000000de400000)
 ParOldGen       total 84992K, used 5910K [0x0000000084c00000, 0x0000000089f00000, 0x00000000d6f00000)
  object space 84992K, 6% used [0x0000000084c00000,0x00000000851c5bf8,0x0000000089f00000)
 Metaspace       used 14951K, capacity 15444K, committed 15744K, reserved 1062912K
  class space    used 1933K, capacity 2099K, committed 2176K, reserved 1048576K
}

