# JRE version: Java(TM) SE Runtime Environment (8.0_201-b09) (build 1.8.0_201-b09)
# Java VM: Java HotSpot(TM) 64-Bit Server VM (25.201-b09 mixed mode linux-amd64 compressed oops)
Heap:
 PSYoungGen      total 614912K, used 532852K [0x00000000d6f00000, 0x0000000100000000, 0x0000000100000000)
  eden space 557056K, 95% used [0x00000000d6f00000,0x00000000f775d220,0x00000000f8f00000)
  from space 57856K, 0% used [0x00000000f8f00000,0x00000000f8f00000,0x00000000fc780000)
  to   space 57344K, 0% used [0x00000000fc800000,0x00000000fc800000,0x0000000100000000)
 ParOldGen       total 322560K, used 127887K [0x0000000084c00000, 0x0000000098700000, 0x00000000d6f00000)
  object space 322560K, 39% used [0x0000000084c00000,0x000000008c8e3d38,0x0000000098700000)
 Metaspace       used 32355K, capacity 34284K, committed 34560K, reserved 1079296K
  class space    used 4275K, capacity 4569K, committed 4608K, reserved 1048576K
GC Heap History (10 events):
Event: 825,457 GC heap before
{Heap before GC invocations=93 (full 13):
 PSYoungGen      total 610816K, used 573452K [0x00000000d6f00000, 0x00000000ffe00000, 0x0000000100000000)
  eden space 554496K, 98% used [0x00000000d6f00000,0x00000000f8515c40,0x00000000f8c80000)
  from space 56320K, 47% used [0x00000000f8c80000,0x00000000fa66d440,0x00000000fc380000)
  to   space 54272K, 0% used [0x00000000fc900000,0x00000000fc900000,0x00000000ffe00000)
 ParOldGen       total 263168K, used 186480K [0x0000000084c00000, 0x0000000094d00000, 0x00000000d6f00000)
  object space 263168K, 70% used [0x0000000084c00000,0x000000009021c008,0x0000000094d00000)
 Metaspace       used 32191K, capacity 34080K, committed 34304K, reserved 1079296K
  class space    used 4266K, capacity 4567K, committed 4608K, reserved 1048576K
Event: 825,466 GC heap after
Heap after GC invocations=93 (full 13):
 PSYoungGen      total 614400K, used 32656K [0x00000000d6f00000, 0x00000000ffc00000, 0x0000000100000000)
  eden space 562176K, 0% used [0x00000000d6f00000,0x00000000d6f00000,0x00000000f9400000)
  from space 52224K, 62% used [0x00000000fc900000,0x00000000fe8e4040,0x00000000ffc00000)
  to   space 53248K, 0% used [0x00000000f9400000,0x00000000f9400000,0x00000000fc800000)
 ParOldGen       total 263168K, used 186480K [0x0000000084c00000, 0x0000000094d00000, 0x00000000d6f00000)
  object space 263168K, 70% used [0x0000000084c00000,0x000000009021c008,0x0000000094d00000)
 Metaspace       used 32191K, capacity 34080K, committed 34304K, reserved 1079296K
  class space    used 4266K, capacity 4567K, committed 4608K, reserved 1048576K
}
Event: 1235,496 GC heap before
{Heap before GC invocations=94 (full 13):
 PSYoungGen      total 614400K, used 593838K [0x00000000d6f00000, 0x00000000ffc00000, 0x0000000100000000)
  eden space 562176K, 99% used [0x00000000d6f00000,0x00000000f9307948,0x00000000f9400000)
  from space 52224K, 62% used [0x00000000fc900000,0x00000000fe8e4040,0x00000000ffc00000)
  to   space 53248K, 0% used [0x00000000f9400000,0x00000000f9400000,0x00000000fc800000)
 ParOldGen       total 263168K, used 186480K [0x0000000084c00000, 0x0000000094d00000, 0x00000000d6f00000)
  object space 263168K, 70% used [0x0000000084c00000,0x000000009021c008,0x0000000094d00000)
 Metaspace       used 32275K, capacity 34144K, committed 34304K, reserved 1079296K
  class space    used 4266K, capacity 4567K, committed 4608K, reserved 1048576K
Event: 1235,530 GC heap after
Heap after GC invocations=94 (full 13):
 PSYoungGen      total 615424K, used 38937K [0x00000000d6f00000, 0x0000000100000000, 0x0000000100000000)
  eden space 562176K, 0% used [0x00000000d6f00000,0x00000000d6f00000,0x00000000f9400000)
  from space 53248K, 73% used [0x00000000f9400000,0x00000000fba06460,0x00000000fc800000)
  to   space 54272K, 0% used [0x00000000fcb00000,0x00000000fcb00000,0x0000000100000000)
 ParOldGen       total 263168K, used 186488K [0x0000000084c00000, 0x0000000094d00000, 0x00000000d6f00000)
  object space 263168K, 70% used [0x0000000084c00000,0x000000009021e008,0x0000000094d00000)
 Metaspace       used 32275K, capacity 34144K, committed 34304K, reserved 1079296K
  class space    used 4266K, capacity 4567K, committed 4608K, reserved 1048576K
}
Event: 1237,494 GC heap before
{Heap before GC invocations=95 (full 13):
 PSYoungGen      total 615424K, used 600662K [0x00000000d6f00000, 0x0000000100000000, 0x0000000100000000)
  eden space 562176K, 99% used [0x00000000d6f00000,0x00000000f938f400,0x00000000f9400000)
  from space 53248K, 73% used [0x00000000f9400000,0x00000000fba06460,0x00000000fc800000)
  to   space 54272K, 0% used [0x00000000fcb00000,0x00000000fcb00000,0x0000000100000000)
 ParOldGen       total 263168K, used 186488K [0x0000000084c00000, 0x0000000094d00000, 0x00000000d6f00000)
  object space 263168K, 70% used [0x0000000084c00000,0x000000009021e008,0x0000000094d00000)
 Metaspace       used 32275K, capacity 34144K, committed 34304K, reserved 1079296K
  class space    used 4266K, capacity 4567K, committed 4608K, reserved 1048576K
Event: 1237,536 GC heap after
Heap after GC invocations=95 (full 13):
 PSYoungGen      total 611328K, used 46973K [0x00000000d6f00000, 0x0000000100000000, 0x0000000100000000)
  eden space 557056K, 0% used [0x00000000d6f00000,0x00000000d6f00000,0x00000000f8f00000)
  from space 54272K, 86% used [0x00000000fcb00000,0x00000000ff8df470,0x0000000100000000)
  to   space 57856K, 0% used [0x00000000f8f00000,0x00000000f8f00000,0x00000000fc780000)
 ParOldGen       total 263168K, used 186488K [0x0000000084c00000, 0x0000000094d00000, 0x00000000d6f00000)
  object space 263168K, 70% used [0x0000000084c00000,0x000000009021e008,0x0000000094d00000)
 Metaspace       used 32275K, capacity 34144K, committed 34304K, reserved 1079296K
  class space    used 4266K, capacity 4567K, committed 4608K, reserved 1048576K
}
Event: 1239,459 GC heap before
{Heap before GC invocations=96 (full 13):
 PSYoungGen      total 611328K, used 600125K [0x00000000d6f00000, 0x0000000100000000, 0x0000000100000000)
  eden space 557056K, 99% used [0x00000000d6f00000,0x00000000f8b30190,0x00000000f8f00000)
  from space 54272K, 86% used [0x00000000fcb00000,0x00000000ff8df470,0x0000000100000000)
  to   space 57856K, 0% used [0x00000000f8f00000,0x00000000f8f00000,0x00000000fc780000)
 ParOldGen       total 263168K, used 192563K [0x0000000084c00000, 0x0000000094d00000, 0x00000000d6f00000)
  object space 263168K, 73% used [0x0000000084c00000,0x000000009080cc18,0x0000000094d00000)
 Metaspace       used 32275K, capacity 34144K, committed 34304K, reserved 1079296K
  class space    used 4266K, capacity 4567K, committed 4608K, reserved 1048576K
Event: 1239,476 GC heap after
Heap after GC invocations=96 (full 13):
 PSYoungGen      total 614912K, used 20648K [0x00000000d6f00000, 0x0000000100000000, 0x0000000100000000)
  eden space 557056K, 0% used [0x00000000d6f00000,0x00000000d6f00000,0x00000000f8f00000)
  from space 57856K, 35% used [0x00000000f8f00000,0x00000000fa32a030,0x00000000fc780000)
  to   space 57344K, 0% used [0x00000000fc800000,0x00000000fc800000,0x0000000100000000)
 ParOldGen       total 263168K, used 192563K [0x0000000084c00000, 0x0000000094d00000, 0x00000000d6f00000)
  object space 263168K, 73% used [0x0000000084c00000,0x000000009080cc18,0x0000000094d00000)
 Metaspace       used 32275K, capacity 34144K, committed 34304K, reserved 1079296K
  class space    used 4266K, capacity 4567K, committed 4608K, reserved 1048576K
}
Event: 1251,301 GC heap before
{Heap before GC invocations=97 (full 14):
 PSYoungGen      total 614912K, used 577704K [0x00000000d6f00000, 0x0000000100000000, 0x0000000100000000)
  eden space 557056K, 100% used [0x00000000d6f00000,0x00000000f8f00000,0x00000000f8f00000)
  from space 57856K, 35% used [0x00000000f8f00000,0x00000000fa32a030,0x00000000fc780000)
  to   space 57344K, 0% used [0x00000000fc800000,0x00000000fc800000,0x0000000100000000)
 ParOldGen       total 398336K, used 395065K [0x0000000084c00000, 0x000000009d100000, 0x00000000d6f00000)
  object space 398336K, 99% used [0x0000000084c00000,0x000000009cdce7b8,0x000000009d100000)
 Metaspace       used 32275K, capacity 34144K, committed 34304K, reserved 1079296K
  class space    used 4266K, capacity 4567K, committed 4608K, reserved 1048576K
Event: 1254,053 GC heap after
Heap after GC invocations=97 (full 14):
 PSYoungGen      total 614912K, used 0K [0x00000000d6f00000, 0x0000000100000000, 0x0000000100000000)
  eden space 557056K, 0% used [0x00000000d6f00000,0x00000000d6f00000,0x00000000f8f00000)
  from space 57856K, 0% used [0x00000000f8f00000,0x00000000f8f00000,0x00000000fc780000)
  to   space 57344K, 0% used [0x00000000fc800000,0x00000000fc800000,0x0000000100000000)
 ParOldGen       total 322560K, used 127887K [0x0000000084c00000, 0x0000000098700000, 0x00000000d6f00000)
  object space 322560K, 39% used [0x0000000084c00000,0x000000008c8e3d38,0x0000000098700000)
 Metaspace       used 32275K, capacity 34144K, committed 34304K, reserved 1079296K
  class space    used 4266K, capacity 4567K, committed 4608K, reserved 1048576K
}

