# JRE version: Java(TM) SE Runtime Environment (8.0_201-b09) (build 1.8.0_201-b09)
# Java VM: Java HotSpot(TM) 64-Bit Server VM (25.201-b09 mixed mode linux-amd64 compressed oops)
Heap:
 PSYoungGen      total 60928K, used 53198K [0x00000000d6f00000, 0x00000000dca80000, 0x0000000100000000)
  eden space 57344K, 87% used [0x00000000d6f00000,0x00000000da01a8a0,0x00000000da700000)
  from space 3584K, 81% used [0x00000000daf80000,0x00000000db259050,0x00000000db300000)
  to   space 8704K, 0% used [0x00000000da700000,0x00000000da700000,0x00000000daf80000)
 ParOldGen       total 64000K, used 7658K [0x0000000084c00000, 0x0000000088a80000, 0x00000000d6f00000)
  object space 64000K, 11% used [0x0000000084c00000,0x000000008537a870,0x0000000088a80000)
 Metaspace       used 31470K, capacity 32531K, committed 32640K, reserved 1077248K
  class space    used 4014K, capacity 4213K, committed 4224K, reserved 1048576K
GC Heap History (10 events):
Event: 2,186 GC heap before
{Heap before GC invocations=3 (full 0):
 PSYoungGen      total 36864K, used 18730K [0x00000000d6f00000, 0x00000000db700000, 0x0000000100000000)
  eden space 31744K, 42% used [0x00000000d6f00000,0x00000000d7c4e868,0x00000000d8e00000)
  from space 5120K, 99% used [0x00000000d9300000,0x00000000d97fc030,0x00000000d9800000)
  to   space 5120K, 0% used [0x00000000d8e00000,0x00000000d8e00000,0x00000000d9300000)
 ParOldGen       total 84992K, used 2228K [0x0000000084c00000, 0x0000000089f00000, 0x00000000d6f00000)
  object space 84992K, 2% used [0x0000000084c00000,0x0000000084e2d3c0,0x0000000089f00000)
 Metaspace       used 20206K, capacity 21141K, committed 21296K, reserved 1067008K
  class space    used 2756K, capacity 2944K, committed 2944K, reserved 1048576K
Event: 2,195 GC heap after
Heap after GC invocations=3 (full 0):
 PSYoungGen      total 36864K, used 5104K [0x00000000d6f00000, 0x00000000db700000, 0x0000000100000000)
  eden space 31744K, 0% used [0x00000000d6f00000,0x00000000d6f00000,0x00000000d8e00000)
  from space 5120K, 99% used [0x00000000d8e00000,0x00000000d92fc030,0x00000000d9300000)
  to   space 5120K, 0% used [0x00000000db200000,0x00000000db200000,0x00000000db700000)
 ParOldGen       total 84992K, used 3724K [0x0000000084c00000, 0x0000000089f00000, 0x00000000d6f00000)
  object space 84992K, 4% used [0x0000000084c00000,0x0000000084fa3198,0x0000000089f00000)
 Metaspace       used 20206K, capacity 21141K, committed 21296K, reserved 1067008K
  class space    used 2756K, capacity 2944K, committed 2944K, reserved 1048576K
}
Event: 2,195 GC heap before
{Heap before GC invocations=4 (full 1):
 PSYoungGen      total 36864K, used 5104K [0x00000000d6f00000, 0x00000000db700000, 0x0000000100000000)
  eden space 31744K, 0% used [0x00000000d6f00000,0x00000000d6f00000,0x00000000d8e00000)
  from space 5120K, 99% used [0x00000000d8e00000,0x00000000d92fc030,0x00000000d9300000)
  to   space 5120K, 0% used [0x00000000db200000,0x00000000db200000,0x00000000db700000)
 ParOldGen       total 84992K, used 3724K [0x0000000084c00000, 0x0000000089f00000, 0x00000000d6f00000)
  object space 84992K, 4% used [0x0000000084c00000,0x0000000084fa3198,0x0000000089f00000)
 Metaspace       used 20206K, capacity 21141K, committed 21296K, reserved 1067008K
  class space    used 2756K, capacity 2944K, committed 2944K, reserved 1048576K
Event: 2,268 GC heap after
Heap after GC invocations=4 (full 1):
 PSYoungGen      total 36864K, used 0K [0x00000000d6f00000, 0x00000000db700000, 0x0000000100000000)
  eden space 31744K, 0% used [0x00000000d6f00000,0x00000000d6f00000,0x00000000d8e00000)
  from space 5120K, 0% used [0x00000000d8e00000,0x00000000d8e00000,0x00000000d9300000)
  to   space 5120K, 0% used [0x00000000db200000,0x00000000db200000,0x00000000db700000)
 ParOldGen       total 64000K, used 7634K [0x0000000084c00000, 0x0000000088a80000, 0x00000000d6f00000)
  object space 64000K, 11% used [0x0000000084c00000,0x0000000085374870,0x0000000088a80000)
 Metaspace       used 20206K, capacity 21141K, committed 21296K, reserved 1067008K
  class space    used 2756K, capacity 2944K, committed 2944K, reserved 1048576K
}
Event: 11,784 GC heap before
{Heap before GC invocations=5 (full 1):
 PSYoungGen      total 36864K, used 31744K [0x00000000d6f00000, 0x00000000db700000, 0x0000000100000000)
  eden space 31744K, 100% used [0x00000000d6f00000,0x00000000d8e00000,0x00000000d8e00000)
  from space 5120K, 0% used [0x00000000d8e00000,0x00000000d8e00000,0x00000000d9300000)
  to   space 5120K, 0% used [0x00000000db200000,0x00000000db200000,0x00000000db700000)
 ParOldGen       total 64000K, used 7634K [0x0000000084c00000, 0x0000000088a80000, 0x00000000d6f00000)
  object space 64000K, 11% used [0x0000000084c00000,0x0000000085374870,0x0000000088a80000)
 Metaspace       used 27449K, capacity 28515K, committed 28672K, reserved 1075200K
  class space    used 3505K, capacity 3729K, committed 3840K, reserved 1048576K
Event: 11,787 GC heap after
Heap after GC invocations=5 (full 1):
 PSYoungGen      total 44032K, used 3297K [0x00000000d6f00000, 0x00000000db580000, 0x0000000100000000)
  eden space 40448K, 0% used [0x00000000d6f00000,0x00000000d6f00000,0x00000000d9680000)
  from space 3584K, 92% used [0x00000000db200000,0x00000000db538700,0x00000000db580000)
  to   space 5120K, 0% used [0x00000000dab80000,0x00000000dab80000,0x00000000db080000)
 ParOldGen       total 64000K, used 7642K [0x0000000084c00000, 0x0000000088a80000, 0x00000000d6f00000)
  object space 64000K, 11% used [0x0000000084c00000,0x0000000085376870,0x0000000088a80000)
 Metaspace       used 27449K, capacity 28515K, committed 28672K, reserved 1075200K
  class space    used 3505K, capacity 3729K, committed 3840K, reserved 1048576K
}
Event: 11,920 GC heap before
{Heap before GC invocations=6 (full 1):
 PSYoungGen      total 44032K, used 43745K [0x00000000d6f00000, 0x00000000db580000, 0x0000000100000000)
  eden space 40448K, 100% used [0x00000000d6f00000,0x00000000d9680000,0x00000000d9680000)
  from space 3584K, 92% used [0x00000000db200000,0x00000000db538700,0x00000000db580000)
  to   space 5120K, 0% used [0x00000000dab80000,0x00000000dab80000,0x00000000db080000)
 ParOldGen       total 64000K, used 7642K [0x0000000084c00000, 0x0000000088a80000, 0x00000000d6f00000)
  object space 64000K, 11% used [0x0000000084c00000,0x0000000085376870,0x0000000088a80000)
 Metaspace       used 29143K, capacity 30179K, committed 30464K, reserved 1075200K
  class space    used 3745K, capacity 3985K, committed 4096K, reserved 1048576K
Event: 11,923 GC heap after
Heap after GC invocations=6 (full 1):
 PSYoungGen      total 56320K, used 3881K [0x00000000d6f00000, 0x00000000db300000, 0x0000000100000000)
  eden space 52224K, 0% used [0x00000000d6f00000,0x00000000d6f00000,0x00000000da200000)
  from space 4096K, 94% used [0x00000000dab80000,0x00000000daf4a6e0,0x00000000daf80000)
  to   space 3584K, 0% used [0x00000000daf80000,0x00000000daf80000,0x00000000db300000)
 ParOldGen       total 64000K, used 7650K [0x0000000084c00000, 0x0000000088a80000, 0x00000000d6f00000)
  object space 64000K, 11% used [0x0000000084c00000,0x0000000085378870,0x0000000088a80000)
 Metaspace       used 29143K, capacity 30179K, committed 30464K, reserved 1075200K
  class space    used 3745K, capacity 3985K, committed 4096K, reserved 1048576K
}
Event: 12,043 GC heap before
{Heap before GC invocations=7 (full 1):
 PSYoungGen      total 56320K, used 56105K [0x00000000d6f00000, 0x00000000db300000, 0x0000000100000000)
  eden space 52224K, 100% used [0x00000000d6f00000,0x00000000da200000,0x00000000da200000)
  from space 4096K, 94% used [0x00000000dab80000,0x00000000daf4a6e0,0x00000000daf80000)
  to   space 3584K, 0% used [0x00000000daf80000,0x00000000daf80000,0x00000000db300000)
 ParOldGen       total 64000K, used 7650K [0x0000000084c00000, 0x0000000088a80000, 0x00000000d6f00000)
  object space 64000K, 11% used [0x0000000084c00000,0x0000000085378870,0x0000000088a80000)
 Metaspace       used 29185K, capacity 30243K, committed 30464K, reserved 1075200K
  class space    used 3746K, capacity 3985K, committed 4096K, reserved 1048576K
Event: 12,051 GC heap after
Heap after GC invocations=7 (full 1):
 PSYoungGen      total 60928K, used 2916K [0x00000000d6f00000, 0x00000000dca80000, 0x0000000100000000)
  eden space 57344K, 0% used [0x00000000d6f00000,0x00000000d6f00000,0x00000000da700000)
  from space 3584K, 81% used [0x00000000daf80000,0x00000000db259050,0x00000000db300000)
  to   space 8704K, 0% used [0x00000000da700000,0x00000000da700000,0x00000000daf80000)
 ParOldGen       total 64000K, used 7658K [0x0000000084c00000, 0x0000000088a80000, 0x00000000d6f00000)
  object space 64000K, 11% used [0x0000000084c00000,0x000000008537a870,0x0000000088a80000)
 Metaspace       used 29185K, capacity 30243K, committed 30464K, reserved 1075200K
  class space    used 3746K, capacity 3985K, committed 4096K, reserved 1048576K
}

